2026-03-11 04:56:13.903 INFO  [main][PortalContextLoaderListener:114] JVM arguments: --add-opens=java.base/java.lang=ALL-UNNAMED --add-opens=java.base/java.lang.invoke=ALL-UNNAMED --add-opens=java.base/java.lang.reflect=ALL-UNNAMED --add-opens=java.base/java.net=ALL-UNNAMED --add-opens=java.base/sun.net.www.protocol.http=ALL-UNNAMED --add-opens=java.base/sun.util.calendar=ALL-UNNAMED --add-opens=jdk.zipfs/jdk.nio.zipfs=ALL-UNNAMED --add-opens=java.base/java.lang=ALL-UNNAMED --add-opens=java.base/java.io=ALL-UNNAMED --add-opens=java.base/java.util=ALL-UNNAMED --add-opens=java.base/java.util.concurrent=ALL-UNNAMED --add-opens=java.rmi/sun.rmi.transport=ALL-UNNAMED -Djava.util.logging.config.file=/opt/liferay/tomcat/conf/logging.properties -Djava.util.logging.manager=org.apache.juli.ClassLoaderLogManager -Djdk.tls.ephemeralDHKeySize=2048 -Djava.protocol.handler.pkgs=org.apache.catalina.webresources -Dorg.apache.catalina.security.SecurityListener.UMASK=0027 -Dfile.encoding=UTF-8 -Djava.locale.providers=JRE,COMPAT,CLDR -Djava.net.preferIPv4Stack=true -Duser.timezone=GMT -Xms2560m -Xmx2560m -XX:MaxNewSize=1536m -XX:MaxMetaspaceSize=768m -XX:MetaspaceSize=768m -XX:NewSize=1536m -XX:SurvivorRatio=7 -Xms2048m -Xmx4096m -XX:MetaspaceSize=512m -XX:MaxMetaspaceSize=1024m -Dignore.endorsed.dirs= -Dcatalina.base=/opt/liferay/tomcat -Dcatalina.home=/opt/liferay/tomcat -Djava.io.tmpdir=/opt/liferay/tomcat/temp
2026-03-11 04:56:16.432 INFO  [SystemExecutorServiceUtil-1][DialectDetector:144] Using dialect org.hibernate.dialect.PostgreSQL10Dialect for PostgreSQL 15.4
2026-03-11 04:56:18.222 INFO  [main][ModuleFrameworkImpl:1355] Starting initial bundles
2026-03-11 04:56:18.660 INFO  [main][InterpolationConfigurationPlugin:109] Configured directory for secrets: /opt/liferay/osgi/configs
2026-03-11 04:56:19.395 INFO  [main][ModuleFrameworkImpl:1645] Started initial bundles
2026-03-11 04:56:19.397 INFO  [main][ModuleFrameworkImpl:1690] Starting dynamic bundles
2026-03-11 04:56:20.616 WARN  [Start Level: Equinox Container: 0e4135d5-7800-4ef4-ad2b-2809f88a0ca9][SidecarManager:72] Liferay automatically starts a child process of Elasticsearch named sidecar for convenient development and demonstration purposes. Do NOT use sidecar in production. Refer to the documentation for details on the limitations of sidecar and instructions on configuring a remote Elasticsearch connection in the Control Panel.
2026-03-11 04:56:26.671 INFO  [main][ModuleFrameworkImpl:1713] Started dynamic bundles
2026-03-11 04:56:26.672 INFO  [main][ModuleFrameworkImpl:1720] Starting web bundles
2026-03-11 04:56:28.740 INFO  [main][ModuleFrameworkImpl:1774] Started web bundles
2026-03-11 04:56:28.742 INFO  [main][ModuleFrameworkImpl:283] Navigate to Control Panel > System > Gogo Shell and enter "lb" to see all bundles
2026-03-11 04:56:30.856 ERROR [main][StartupAction:68] Files [/opt/liferay/tomcat/lib/ext/postgresql-42.6.0.jar] in /opt/liferay/tomcat/lib/ext are no longer read. Move them to /opt/liferay/tomcat/lib or /opt/liferay/tomcat/webapps/ROOT/WEB-INF/shielded-container-lib/.
2026-03-11 04:56:30.862 INFO  [main][StartupHelperUtil:97] There are no patches installed
2026-03-11 04:56:31.068 INFO  [main][LoggingTimer:74] Starting com.liferay.portal.events.StartupHelperUtil#initResourceActions
2026-03-11 04:56:31.133 INFO  [main][LoggingTimer:35] Completed com.liferay.portal.events.StartupHelperUtil#initResourceActions in 66 ms
2026-03-11 04:56:31.535 INFO  [main][LicenseManager:-1] DXP Development license validation passed
2026-03-11 04:56:32.432 INFO  [main][AutoDeployDir:152] Auto deploy scanner started for /opt/liferay/deploy
2026-03-11 04:56:41.973 INFO  [SystemExecutorServiceUtil-12][Sidecar:103] Sidecar Elasticsearch liferay started at 127.0.0.1:9201
2026-03-11 04:56:59.391 INFO  [fileinstall-directory-watcher][BaseAutoDeployListener:34] Copying themes for /opt/liferay/tomcat/temp/20260311045659209NZNWCCCK/admin-theme.war
2026-03-11 04:57:00.813 INFO  [fileinstall-directory-watcher][BaseAutoDeployListener:41] Themes for /opt/liferay/tomcat/temp/20260311045659209NZNWCCCK/admin-theme.war copied successfully
2026-03-11 04:57:03.968 INFO  [fileinstall-directory-watcher][BaseAutoDeployListener:34] Copying themes for /opt/liferay/tomcat/temp/20260311045703918NDWVJSLN/classic-theme.war
2026-03-11 04:57:05.358 INFO  [fileinstall-directory-watcher][BaseAutoDeployListener:41] Themes for /opt/liferay/tomcat/temp/20260311045703918NDWVJSLN/classic-theme.war copied successfully
2026-03-11 04:57:06.932 INFO  [fileinstall-directory-watcher][BaseAutoDeployListener:34] Copying themes for /opt/liferay/tomcat/temp/20260311045706901UROILPOT/dialect-theme.war
2026-03-11 04:57:07.982 INFO  [fileinstall-directory-watcher][BaseAutoDeployListener:41] Themes for /opt/liferay/tomcat/temp/20260311045706901UROILPOT/dialect-theme.war copied successfully
2026-03-11 04:57:09.351 INFO  [fileinstall-directory-watcher][BaseAutoDeployListener:34] Copying themes for /opt/liferay/tomcat/temp/20260311045709301LFNZENLW/minium-theme.war
2026-03-11 04:57:10.413 INFO  [fileinstall-directory-watcher][BaseAutoDeployListener:41] Themes for /opt/liferay/tomcat/temp/20260311045709301LFNZENLW/minium-theme.war copied successfully
2026-03-11 04:57:11.624 INFO  [fileinstall-directory-watcher][BaseAutoDeployListener:34] Copying themes for /opt/liferay/tomcat/temp/20260311045711604VNQRKLJN/speedwell-theme.war
2026-03-11 04:57:12.496 INFO  [fileinstall-directory-watcher][BaseAutoDeployListener:41] Themes for /opt/liferay/tomcat/temp/20260311045711604VNQRKLJN/speedwell-theme.war copied successfully
2026-03-11 12:57:44.916 INFO  [main][PortalContextLoaderListener:114] JVM arguments: --add-opens=java.base/java.lang=ALL-UNNAMED --add-opens=java.base/java.lang.invoke=ALL-UNNAMED --add-opens=java.base/java.lang.reflect=ALL-UNNAMED --add-opens=java.base/java.net=ALL-UNNAMED --add-opens=java.base/sun.net.www.protocol.http=ALL-UNNAMED --add-opens=java.base/sun.util.calendar=ALL-UNNAMED --add-opens=jdk.zipfs/jdk.nio.zipfs=ALL-UNNAMED --add-opens=java.base/java.lang=ALL-UNNAMED --add-opens=java.base/java.io=ALL-UNNAMED --add-opens=java.base/java.util=ALL-UNNAMED --add-opens=java.base/java.util.concurrent=ALL-UNNAMED --add-opens=java.rmi/sun.rmi.transport=ALL-UNNAMED -Djava.util.logging.config.file=/opt/liferay/tomcat/conf/logging.properties -Djava.util.logging.manager=org.apache.juli.ClassLoaderLogManager -Djdk.tls.ephemeralDHKeySize=2048 -Djava.protocol.handler.pkgs=org.apache.catalina.webresources -Dorg.apache.catalina.security.SecurityListener.UMASK=0027 -Dfile.encoding=UTF-8 -Djava.locale.providers=JRE,COMPAT,CLDR -Djava.net.preferIPv4Stack=true -Duser.timezone=GMT -Xms2560m -Xmx2560m -XX:MaxNewSize=1536m -XX:MaxMetaspaceSize=768m -XX:MetaspaceSize=768m -XX:NewSize=1536m -XX:SurvivorRatio=7 -Xms2048m -Xmx4096m -XX:MetaspaceSize=512m -XX:MaxMetaspaceSize=1024m -Dignore.endorsed.dirs= -Dcatalina.base=/opt/liferay/tomcat -Dcatalina.home=/opt/liferay/tomcat -Djava.io.tmpdir=/opt/liferay/tomcat/temp
2026-03-11 12:57:46.793 INFO  [SystemExecutorServiceUtil-1][DialectDetector:144] Using dialect org.hibernate.dialect.PostgreSQL10Dialect for PostgreSQL 15.4
2026-03-11 12:57:49.033 INFO  [main][ModuleFrameworkImpl:1355] Starting initial bundles
2026-03-11 12:57:49.332 INFO  [main][InterpolationConfigurationPlugin:109] Configured directory for secrets: /opt/liferay/osgi/configs
2026-03-11 12:57:49.851 INFO  [main][ModuleFrameworkImpl:1645] Started initial bundles
2026-03-11 12:57:49.853 INFO  [main][ModuleFrameworkImpl:1690] Starting dynamic bundles
2026-03-11 12:57:52.002 WARN  [Start Level: Equinox Container: b7e78f7e-35d2-46cb-aa4f-abdf1dbb70b8][SidecarManager:72] Liferay automatically starts a child process of Elasticsearch named sidecar for convenient development and demonstration purposes. Do NOT use sidecar in production. Refer to the documentation for details on the limitations of sidecar and instructions on configuring a remote Elasticsearch connection in the Control Panel.
2026-03-11 12:58:02.980 INFO  [main][ModuleFrameworkImpl:1713] Started dynamic bundles
2026-03-11 12:58:02.982 INFO  [main][ModuleFrameworkImpl:1720] Starting web bundles
2026-03-11 12:58:05.214 INFO  [main][ModuleFrameworkImpl:1774] Started web bundles
2026-03-11 12:58:05.216 INFO  [main][ModuleFrameworkImpl:283] Navigate to Control Panel > System > Gogo Shell and enter "lb" to see all bundles
2026-03-11 12:58:07.190 ERROR [main][StartupAction:68] Files [/opt/liferay/tomcat/lib/ext/postgresql-42.6.0.jar] in /opt/liferay/tomcat/lib/ext are no longer read. Move them to /opt/liferay/tomcat/lib or /opt/liferay/tomcat/webapps/ROOT/WEB-INF/shielded-container-lib/.
2026-03-11 12:58:07.194 INFO  [main][StartupHelperUtil:97] There are no patches installed
2026-03-11 12:58:07.354 INFO  [main][LoggingTimer:74] Starting com.liferay.portal.events.StartupHelperUtil#initResourceActions
2026-03-11 12:58:07.407 INFO  [main][LoggingTimer:35] Completed com.liferay.portal.events.StartupHelperUtil#initResourceActions in 52 ms
2026-03-11 12:58:07.706 INFO  [main][LicenseManager:-1] DXP Development license validation passed
2026-03-11 12:58:08.348 INFO  [main][AutoDeployDir:152] Auto deploy scanner started for /opt/liferay/deploy
2026-03-11 12:58:17.808 INFO  [SystemExecutorServiceUtil-4][Sidecar:103] Sidecar Elasticsearch liferay started at 127.0.0.1:9201
2026-03-11 12:58:30.721 INFO  [fileinstall-directory-watcher][BaseAutoDeployListener:34] Copying themes for /opt/liferay/tomcat/temp/20260311125830570YOSFFFQZ/admin-theme.war
2026-03-11 12:58:32.150 INFO  [fileinstall-directory-watcher][BaseAutoDeployListener:41] Themes for /opt/liferay/tomcat/temp/20260311125830570YOSFFFQZ/admin-theme.war copied successfully
2026-03-11 12:58:33.942 INFO  [fileinstall-directory-watcher][BaseAutoDeployListener:34] Copying themes for /opt/liferay/tomcat/temp/20260311125833921WUWQTUXF/classic-theme.war
2026-03-11 12:58:35.013 INFO  [fileinstall-directory-watcher][BaseAutoDeployListener:41] Themes for /opt/liferay/tomcat/temp/20260311125833921WUWQTUXF/classic-theme.war copied successfully
2026-03-11 12:58:36.006 INFO  [fileinstall-directory-watcher][BaseAutoDeployListener:34] Copying themes for /opt/liferay/tomcat/temp/20260311125835990KBMWIUSR/dialect-theme.war
2026-03-11 12:58:36.946 INFO  [fileinstall-directory-watcher][BaseAutoDeployListener:41] Themes for /opt/liferay/tomcat/temp/20260311125835990KBMWIUSR/dialect-theme.war copied successfully
2026-03-11 12:58:37.960 INFO  [fileinstall-directory-watcher][BaseAutoDeployListener:34] Copying themes for /opt/liferay/tomcat/temp/20260311125837938UFXCXXRC/minium-theme.war
2026-03-11 12:58:38.862 INFO  [fileinstall-directory-watcher][BaseAutoDeployListener:41] Themes for /opt/liferay/tomcat/temp/20260311125837938UFXCXXRC/minium-theme.war copied successfully
2026-03-11 12:58:39.954 INFO  [fileinstall-directory-watcher][BaseAutoDeployListener:34] Copying themes for /opt/liferay/tomcat/temp/20260311125839940KBLANOUL/speedwell-theme.war
2026-03-11 12:58:40.694 INFO  [fileinstall-directory-watcher][BaseAutoDeployListener:41] Themes for /opt/liferay/tomcat/temp/20260311125839940KBLANOUL/speedwell-theme.war copied successfully
2026-03-11 13:03:20.698 INFO  [main][PortalContextLoaderListener:114] JVM arguments: --add-opens=java.base/java.lang=ALL-UNNAMED --add-opens=java.base/java.lang.invoke=ALL-UNNAMED --add-opens=java.base/java.lang.reflect=ALL-UNNAMED --add-opens=java.base/java.net=ALL-UNNAMED --add-opens=java.base/sun.net.www.protocol.http=ALL-UNNAMED --add-opens=java.base/sun.util.calendar=ALL-UNNAMED --add-opens=jdk.zipfs/jdk.nio.zipfs=ALL-UNNAMED --add-opens=java.base/java.lang=ALL-UNNAMED --add-opens=java.base/java.io=ALL-UNNAMED --add-opens=java.base/java.util=ALL-UNNAMED --add-opens=java.base/java.util.concurrent=ALL-UNNAMED --add-opens=java.rmi/sun.rmi.transport=ALL-UNNAMED -Djava.util.logging.config.file=/opt/liferay/tomcat/conf/logging.properties -Djava.util.logging.manager=org.apache.juli.ClassLoaderLogManager -Djdk.tls.ephemeralDHKeySize=2048 -Djava.protocol.handler.pkgs=org.apache.catalina.webresources -Dorg.apache.catalina.security.SecurityListener.UMASK=0027 -Dfile.encoding=UTF-8 -Djava.locale.providers=JRE,COMPAT,CLDR -Djava.net.preferIPv4Stack=true -Duser.timezone=GMT -Xms2560m -Xmx2560m -XX:MaxNewSize=1536m -XX:MaxMetaspaceSize=768m -XX:MetaspaceSize=768m -XX:NewSize=1536m -XX:SurvivorRatio=7 -Xms2048m -Xmx4096m -XX:MetaspaceSize=512m -XX:MaxMetaspaceSize=1024m -Dignore.endorsed.dirs= -Dcatalina.base=/opt/liferay/tomcat -Dcatalina.home=/opt/liferay/tomcat -Djava.io.tmpdir=/opt/liferay/tomcat/temp
2026-03-11 13:03:21.607 INFO  [SystemExecutorServiceUtil-1][DialectDetector:144] Using dialect org.hibernate.dialect.PostgreSQL10Dialect for PostgreSQL 15.4
2026-03-11 13:03:21.895 INFO  [main][ModuleFrameworkImpl:1355] Starting initial bundles
2026-03-11 13:03:22.070 INFO  [main][InterpolationConfigurationPlugin:109] Configured directory for secrets: /opt/liferay/osgi/configs
2026-03-11 13:03:22.639 INFO  [main][ModuleFrameworkImpl:1645] Started initial bundles
2026-03-11 13:03:22.640 INFO  [main][ModuleFrameworkImpl:1690] Starting dynamic bundles
2026-03-11 13:03:24.002 WARN  [Start Level: Equinox Container: 5a6f09af-034c-4301-87c4-2ef7fc43b7f5][SidecarManager:72] Liferay automatically starts a child process of Elasticsearch named sidecar for convenient development and demonstration purposes. Do NOT use sidecar in production. Refer to the documentation for details on the limitations of sidecar and instructions on configuring a remote Elasticsearch connection in the Control Panel.
2026-03-11 13:03:30.063 INFO  [main][ModuleFrameworkImpl:1713] Started dynamic bundles
2026-03-11 13:03:30.065 INFO  [main][ModuleFrameworkImpl:1720] Starting web bundles
2026-03-11 13:03:31.962 INFO  [main][ModuleFrameworkImpl:1774] Started web bundles
2026-03-11 13:03:31.964 INFO  [main][ModuleFrameworkImpl:283] Navigate to Control Panel > System > Gogo Shell and enter "lb" to see all bundles
2026-03-11 13:03:33.109 ERROR [main][StartupAction:68] Files [/opt/liferay/tomcat/lib/ext/postgresql-42.6.0.jar] in /opt/liferay/tomcat/lib/ext are no longer read. Move them to /opt/liferay/tomcat/lib or /opt/liferay/tomcat/webapps/ROOT/WEB-INF/shielded-container-lib/.
2026-03-11 13:03:33.120 INFO  [main][StartupHelperUtil:97] There are no patches installed
2026-03-11 13:03:33.291 INFO  [main][LoggingTimer:74] Starting com.liferay.portal.events.StartupHelperUtil#initResourceActions
2026-03-11 13:03:33.363 INFO  [main][LoggingTimer:35] Completed com.liferay.portal.events.StartupHelperUtil#initResourceActions in 72 ms
2026-03-11 13:03:33.619 INFO  [main][LicenseManager:-1] DXP Development license validation passed
2026-03-11 13:03:34.321 INFO  [main][AutoDeployDir:152] Auto deploy scanner started for /opt/liferay/deploy
2026-03-11 13:03:40.262 INFO  [SystemExecutorServiceUtil-1][Sidecar:103] Sidecar Elasticsearch liferay started at 127.0.0.1:9201
2026-03-11 13:03:52.315 INFO  [fileinstall-directory-watcher][BaseAutoDeployListener:34] Copying themes for /opt/liferay/tomcat/temp/20260311130352254RIRPDZIY/admin-theme.war
2026-03-11 13:03:53.524 INFO  [fileinstall-directory-watcher][BaseAutoDeployListener:41] Themes for /opt/liferay/tomcat/temp/20260311130352254RIRPDZIY/admin-theme.war copied successfully
2026-03-11 13:03:55.220 INFO  [fileinstall-directory-watcher][BaseAutoDeployListener:34] Copying themes for /opt/liferay/tomcat/temp/20260311130355207CKOFSDYW/classic-theme.war
2026-03-11 13:03:56.197 INFO  [fileinstall-directory-watcher][BaseAutoDeployListener:41] Themes for /opt/liferay/tomcat/temp/20260311130355207CKOFSDYW/classic-theme.war copied successfully
2026-03-11 13:03:57.203 INFO  [fileinstall-directory-watcher][BaseAutoDeployListener:34] Copying themes for /opt/liferay/tomcat/temp/20260311130357193JXJRLYFY/dialect-theme.war
2026-03-11 13:03:57.934 INFO  [fileinstall-directory-watcher][BaseAutoDeployListener:41] Themes for /opt/liferay/tomcat/temp/20260311130357193JXJRLYFY/dialect-theme.war copied successfully
2026-03-11 13:03:59.202 INFO  [fileinstall-directory-watcher][BaseAutoDeployListener:34] Copying themes for /opt/liferay/tomcat/temp/20260311130359187FZOFJQKH/minium-theme.war
2026-03-11 13:04:00.018 INFO  [fileinstall-directory-watcher][BaseAutoDeployListener:41] Themes for /opt/liferay/tomcat/temp/20260311130359187FZOFJQKH/minium-theme.war copied successfully
2026-03-11 13:04:01.091 INFO  [fileinstall-directory-watcher][BaseAutoDeployListener:34] Copying themes for /opt/liferay/tomcat/temp/20260311130401078GHPTKTNT/speedwell-theme.war
2026-03-11 13:04:01.758 INFO  [fileinstall-directory-watcher][BaseAutoDeployListener:41] Themes for /opt/liferay/tomcat/temp/20260311130401078GHPTKTNT/speedwell-theme.war copied successfully
